[error]	[2015-11-23 12:05:51]	[]
[error]	[2015-11-23 12:05:53]	[]
[error]	[2015-11-23 12:06:01]	[]
[error]	[2015-11-23 12:09:55]	[Array
(
    [0] => 2
    [1] => require_once(/Users/sucel/Workspace/sucelit/umeng//TopSdk.php): failed to open stream: No such file or directory
    [2] => /Users/sucel/Workspace/sucelit/common/includes/UMengIM.php
    [3] => 11
    [4] => Array
        (
            [class] => Sucel\Common\Includes\UMengIM
            [parts] => Array
                (
                    [0] => common
                    [1] => includes
                )

            [className] => UMengIM
            [classFile] => /Users/sucel/Workspace/sucelit/common/includes/UMengIM.php
        )

)
]
[error]	[2015-11-23 12:09:55]	[Array
(
    [type] => 64
    [message] => require_once(): Failed opening required '/Users/sucel/Workspace/sucelit/umeng//TopSdk.php' (include_path='.:')
    [file] => /Users/sucel/Workspace/sucelit/common/includes/UMengIM.php
    [line] => 11
)
]
[error]	[2015-11-23 12:11:15]	[Array
(
    [0] => 2
    [1] => require_once(/Users/sucel/Workspace/sucelit/plugins/umeng/TopSdk.php): failed to open stream: No such file or directory
    [2] => /Users/sucel/Workspace/sucelit/common/includes/UMengIM.php
    [3] => 11
    [4] => Array
        (
            [class] => Sucel\Common\Includes\UMengIM
            [parts] => Array
                (
                    [0] => common
                    [1] => includes
                )

            [className] => UMengIM
            [classFile] => /Users/sucel/Workspace/sucelit/common/includes/UMengIM.php
        )

)
]
[error]	[2015-11-23 12:11:15]	[Array
(
    [type] => 64
    [message] => require_once(): Failed opening required '/Users/sucel/Workspace/sucelit/plugins/umeng/TopSdk.php' (include_path='.:')
    [file] => /Users/sucel/Workspace/sucelit/common/includes/UMengIM.php
    [line] => 11
)
]
[error]	[2015-11-23 12:11:22]	[Array
(
    [type] => 64
    [message] => Cannot redeclare class Autoloader
    [file] => /Users/sucel/Workspace/sucelit/plugin/umeng/Autoloader.php
    [line] => 3
)
]
[error]	[2015-11-23 12:12:24]	[Array
(
    [0] => 2
    [1] => include(ClusterTopClient.php): failed to open stream: No such file or directory
    [2] => /Users/sucel/Workspace/sucelit/framework/YiiBase.php
    [3] => 428
    [4] => Array
        (
            [className] => ClusterTopClient
        )

)
]
[error]	[2015-11-23 12:12:24]	[Array
(
    [0] => 2
    [1] => include(): Failed opening 'ClusterTopClient.php' for inclusion (include_path='.:')
    [2] => /Users/sucel/Workspace/sucelit/framework/YiiBase.php
    [3] => 428
    [4] => Array
        (
            [className] => ClusterTopClient
        )

)
]
[error]	[2015-11-23 12:12:24]	[Array
(
    [0] => 2
    [1] => include(TopClient.php): failed to open stream: No such file or directory
    [2] => /Users/sucel/Workspace/sucelit/framework/YiiBase.php
    [3] => 428
    [4] => Array
        (
            [className] => TopClient
        )

)
]
[error]	[2015-11-23 12:12:24]	[Array
(
    [0] => 2
    [1] => include(): Failed opening 'TopClient.php' for inclusion (include_path='.:')
    [2] => /Users/sucel/Workspace/sucelit/framework/YiiBase.php
    [3] => 428
    [4] => Array
        (
            [className] => TopClient
        )

)
]
[error]	[2015-11-23 12:12:24]	[Array
(
    [0] => 2
    [1] => include(ApplicationVar.php): failed to open stream: No such file or directory
    [2] => /Users/sucel/Workspace/sucelit/framework/YiiBase.php
    [3] => 428
    [4] => Array
        (
            [className] => ApplicationVar
        )

)
]
[error]	[2015-11-23 12:12:24]	[Array
(
    [0] => 2
    [1] => include(): Failed opening 'ApplicationVar.php' for inclusion (include_path='.:')
    [2] => /Users/sucel/Workspace/sucelit/framework/YiiBase.php
    [3] => 428
    [4] => Array
        (
            [className] => ApplicationVar
        )

)
]
[error]	[2015-11-23 12:12:24]	[Array
(
    [0] => 2
    [1] => include(OpenimUsersAddRequest.php): failed to open stream: No such file or directory
    [2] => /Users/sucel/Workspace/sucelit/framework/YiiBase.php
    [3] => 428
    [4] => Array
        (
            [className] => OpenimUsersAddRequest
        )

)
]
[error]	[2015-11-23 12:12:24]	[Array
(
    [0] => 2
    [1] => include(): Failed opening 'OpenimUsersAddRequest.php' for inclusion (include_path='.:')
    [2] => /Users/sucel/Workspace/sucelit/framework/YiiBase.php
    [3] => 428
    [4] => Array
        (
            [className] => OpenimUsersAddRequest
        )

)
]
[error]	[2015-11-23 12:12:24]	[Array
(
    [0] => 2
    [1] => include(Userinfos.php): failed to open stream: No such file or directory
    [2] => /Users/sucel/Workspace/sucelit/framework/YiiBase.php
    [3] => 428
    [4] => Array
        (
            [className] => Userinfos
        )

)
]
[error]	[2015-11-23 12:12:24]	[Array
(
    [0] => 2
    [1] => include(): Failed opening 'Userinfos.php' for inclusion (include_path='.:')
    [2] => /Users/sucel/Workspace/sucelit/framework/YiiBase.php
    [3] => 428
    [4] => Array
        (
            [className] => Userinfos
        )

)
]
[error]	[2015-11-23 12:12:24]	[Array
(
    [0] => 2
    [1] => include(HttpdnsGetRequest.php): failed to open stream: No such file or directory
    [2] => /Users/sucel/Workspace/sucelit/framework/YiiBase.php
    [3] => 428
    [4] => Array
        (
            [className] => HttpdnsGetRequest
        )

)
]
[error]	[2015-11-23 12:12:24]	[Array
(
    [0] => 2
    [1] => include(): Failed opening 'HttpdnsGetRequest.php' for inclusion (include_path='.:')
    [2] => /Users/sucel/Workspace/sucelit/framework/YiiBase.php
    [3] => 428
    [4] => Array
        (
            [className] => HttpdnsGetRequest
        )

)
]
[error]	[2015-11-23 12:12:24]	[Array
(
    [0] => 2
    [1] => include(ResultSet.php): failed to open stream: No such file or directory
    [2] => /Users/sucel/Workspace/sucelit/framework/YiiBase.php
    [3] => 428
    [4] => Array
        (
            [className] => ResultSet
        )

)
]
[error]	[2015-11-23 12:12:24]	[Array
(
    [0] => 2
    [1] => include(): Failed opening 'ResultSet.php' for inclusion (include_path='.:')
    [2] => /Users/sucel/Workspace/sucelit/framework/YiiBase.php
    [3] => 428
    [4] => Array
        (
            [className] => ResultSet
        )

)
]
[error]	[2015-11-23 12:12:24]	[Array
(
    [0] => 2
    [1] => include(TopLogger.php): failed to open stream: No such file or directory
    [2] => /Users/sucel/Workspace/sucelit/framework/YiiBase.php
    [3] => 428
    [4] => Array
        (
            [className] => TopLogger
        )

)
]
[error]	[2015-11-23 12:12:24]	[Array
(
    [0] => 2
    [1] => include(): Failed opening 'TopLogger.php' for inclusion (include_path='.:')
    [2] => /Users/sucel/Workspace/sucelit/framework/YiiBase.php
    [3] => 428
    [4] => Array
        (
            [className] => TopLogger
        )

)
]
[error]	[2015-11-23 12:12:24]	[Array
(
    [type] => 8
    [message] => Undefined index: taobao.openim.users.add
    [file] => /Users/sucel/Workspace/sucelit/plugin/umeng/top/ClusterTopClient.php
    [line] => 102
)
]
[error]	[2015-11-23 12:13:19]	[Array
(
    [type] => 8
    [message] => Undefined index: taobao.openim.users.add
    [file] => /Users/sucel/Workspace/sucelit/plugin/umeng/top/ClusterTopClient.php
    [line] => 102
)
]
[error]	[2015-11-23 12:13:41]	[Array
(
    [type] => 8
    [message] => Undefined index: taobao.openim.users.add
    [file] => /Users/sucel/Workspace/sucelit/plugin/umeng/top/ClusterTopClient.php
    [line] => 102
)
]
[error]	[2015-11-23 12:17:49]	[Array
(
    [type] => 8
    [message] => Undefined index: taobao.openim.users.get
    [file] => /Users/sucel/Workspace/sucelit/plugin/umeng/top/ClusterTopClient.php
    [line] => 102
)
]
[error]	[2015-11-23 12:39:16]	[]
[error]	[2015-11-23 12:42:20]	[/Users/sucel/Workspace/sucelit/framework/db/schema/CDbCommandBuilder.php 859 Table "t_user" does not exist.]
[error]	[2015-11-23 12:42:20]	[]
[error]	[2015-11-23 12:43:46]	[/Users/sucel/Workspace/sucelit/framework/db/schema/CDbCommandBuilder.php 859 Table "t_user" does not exist.]
[error]	[2015-11-23 12:43:46]	[]
[error]	[2015-11-23 12:44:33]	[]
[error]	[2015-11-23 12:45:24]	[/Users/sucel/Workspace/sucelit/framework/db/schema/CDbCommandBuilder.php 859 Table "t_user" does not exist.]
[error]	[2015-11-23 12:45:24]	[]
[error]	[2015-11-23 12:45:43]	[]
[error]	[2015-11-23 12:45:50]	[]
[error]	[2015-11-23 12:46:03]	[]
[error]	[2015-11-23 12:46:14]	[/Users/sucel/Workspace/sucelit/framework/db/schema/CDbCommandBuilder.php 859 Table "t_user" does not exist.]
[error]	[2015-11-23 12:46:14]	[]
[error]	[2015-11-23 12:47:02]	[/Users/sucel/Workspace/sucelit/framework/db/schema/CDbCommandBuilder.php 859 Table "t_user" does not exist.]
[error]	[2015-11-23 12:47:02]	[]
